[14:41:23] [ServerMain/INFO]: Environment: Environment[sessionHost=https://sessionserver.mojang.com, servicesHost=https://api.minecraftservices.com, name=PROD]
[14:41:24] [ServerMain/INFO]: Loaded 1175 recipes
[14:41:24] [ServerMain/INFO]: Loaded 1276 advancements
[14:41:24] [Server thread/INFO]: Starting minecraft server version 1.20.6
[14:41:24] [Server thread/INFO]: Loading properties
[14:41:24] [Server thread/INFO]: This server is running Paper version 1.20.6-151-ver/1.20.6@a4f0f5c (2024-10-30T19:13:22Z) (Implementing API version 1.20.6-R0.1-SNAPSHOT)
[14:41:25] [Server thread/INFO]: Server Ping Player Sample Count: 12
[14:41:25] [Server thread/INFO]: Using 4 threads for Netty based IO
[14:41:25] [Server thread/WARN]: [!] The timings profiler has been enabled but has been scheduled for removal from Paper in the future.
    We recommend installing the spark profiler as a replacement: https://spark.lucko.me/
    For more information please visit: https://github.com/PaperMC/Paper/issues/8948
[14:41:25] [Server thread/INFO]: [ChunkTaskScheduler] Chunk system is using 1 I/O threads, 4 worker threads, and gen parallelism of 4 threads
[14:41:26] [Server thread/INFO]: Default game type: SURVIVAL
[14:41:26] [Server thread/INFO]: Generating keypair
[14:41:26] [Server thread/INFO]: Starting Minecraft server on *:25565
[14:41:26] [Server thread/INFO]: Using default channel type
[14:41:26] [Server thread/INFO]: Paper: Using Java compression from Velocity.
[14:41:26] [Server thread/INFO]: Paper: Using Java cipher from Velocity.
[14:41:26] [Server thread/ERROR]: [ModernPluginLoadingStrategy] Could not load plugin 'gitpush-0.0.1.jar' in folder 'plugins\.paper-remapped'
org.bukkit.plugin.InvalidPluginException: Exception initializing main class `com.example.gitpush.Plugin'
	at org.bukkit.plugin.java.PluginClassLoader.<init>(PluginClassLoader.java:106) ~[paper-api-1.20.6-R0.1-SNAPSHOT.jar:?]
	at io.papermc.paper.plugin.provider.type.spigot.SpigotPluginProvider.createInstance(SpigotPluginProvider.java:125) ~[paper-1.20.6.jar:1.20.6-151-a4f0f5c]
	at io.papermc.paper.plugin.provider.type.spigot.SpigotPluginProvider.createInstance(SpigotPluginProvider.java:35) ~[paper-1.20.6.jar:1.20.6-151-a4f0f5c]
	at io.papermc.paper.plugin.entrypoint.strategy.modern.ModernPluginLoadingStrategy.loadProviders(ModernPluginLoadingStrategy.java:116) ~[paper-1.20.6.jar:1.20.6-151-a4f0f5c]
	at io.papermc.paper.plugin.storage.SimpleProviderStorage.enter(SimpleProviderStorage.java:38) ~[paper-1.20.6.jar:1.20.6-151-a4f0f5c]
	at io.papermc.paper.plugin.entrypoint.LaunchEntryPointHandler.enter(LaunchEntryPointHandler.java:36) ~[paper-1.20.6.jar:1.20.6-151-a4f0f5c]
	at org.bukkit.craftbukkit.CraftServer.loadPlugins(CraftServer.java:532) ~[paper-1.20.6.jar:1.20.6-151-a4f0f5c]
	at net.minecraft.server.dedicated.DedicatedServer.initServer(DedicatedServer.java:286) ~[paper-1.20.6.jar:1.20.6-151-a4f0f5c]
	at net.minecraft.server.MinecraftServer.runServer(MinecraftServer.java:1136) ~[paper-1.20.6.jar:1.20.6-151-a4f0f5c]
	at net.minecraft.server.MinecraftServer.lambda$spin$0(MinecraftServer.java:323) ~[paper-1.20.6.jar:1.20.6-151-a4f0f5c]
	at java.base/java.lang.Thread.run(Thread.java:1575) ~[?:?]
Caused by: java.lang.reflect.InvocationTargetException
	at java.base/jdk.internal.reflect.DirectConstructorHandleAccessor.newInstance(DirectConstructorHandleAccessor.java:74) ~[?:?]
	at java.base/java.lang.reflect.Constructor.newInstanceWithCaller(Constructor.java:501) ~[?:?]
	at java.base/java.lang.reflect.Constructor.newInstance(Constructor.java:485) ~[?:?]
	at org.bukkit.plugin.java.PluginClassLoader.<init>(PluginClassLoader.java:98) ~[paper-api-1.20.6-R0.1-SNAPSHOT.jar:?]
	... 10 more
Caused by: java.lang.Error: Unresolved compilation problem: 
	The declared package "com.example" does not match the expected package "com.example.gitpush"

	at gitpush-0.0.1.jar/com.example.gitpush.Plugin.<init>(Plugin.java:1) ~[gitpush-0.0.1.jar:?]
	at java.base/jdk.internal.reflect.DirectConstructorHandleAccessor.newInstance(DirectConstructorHandleAccessor.java:62) ~[?:?]
	at java.base/java.lang.reflect.Constructor.newInstanceWithCaller(Constructor.java:501) ~[?:?]
	at java.base/java.lang.reflect.Constructor.newInstance(Constructor.java:485) ~[?:?]
	at org.bukkit.plugin.java.PluginClassLoader.<init>(PluginClassLoader.java:98) ~[paper-api-1.20.6-R0.1-SNAPSHOT.jar:?]
	... 10 more
[14:41:26] [Server thread/INFO]: [ViaVersion] Loading server plugin ViaVersion v5.2.0
[14:41:26] [Server thread/INFO]: [ViaVersion] ViaVersion 5.2.0 is now loaded. Registering protocol transformers and injecting...
[14:41:27] [Via-Mappingloader-0/INFO]: [ViaVersion] Loading block connection mappings ...
[14:41:27] [Via-Mappingloader-0/INFO]: [ViaVersion] Using FastUtil Long2ObjectOpenHashMap for block connections
[14:41:27] [Server thread/INFO]: [LuckPerms] Loading server plugin LuckPerms v5.4.131
[14:41:28] [Server thread/INFO]: [floodgate] Loading server plugin floodgate v2.2.3-SNAPSHOT (b114-83fbd6e)
[14:41:28] [Server thread/INFO]: [floodgate] Took 744ms to boot Floodgate
[14:41:28] [Server thread/INFO]: [Essentials] Loading server plugin Essentials v2.21.0-dev+144-d31ff55
[14:41:28] [Server thread/INFO]: [WorldEdit] Loading server plugin WorldEdit v7.3.3+6788-6359df8
[14:41:29] [Server thread/INFO]: Got request to register class com.sk89q.worldedit.bukkit.BukkitServerInterface with WorldEdit [com.sk89q.worldedit.extension.platform.PlatformManager@53a37549]
[14:41:29] [Server thread/INFO]: [VeinMiner] Loading server plugin VeinMiner v2.2.4
[14:41:29] [Server thread/INFO]: [OfflineGrowthPro] Loading server plugin OfflineGrowthPro v2.0.3
[14:41:29] [Server thread/INFO]: [NoEndermanGrief] Loading server plugin NoEndermanGrief v1.14_1.0.9
[14:41:29] [Server thread/INFO]: [GSit] Loading server plugin GSit v1.9.1
[14:41:29] [Server thread/INFO]: [Geyser-Spigot] Loading server plugin Geyser-Spigot v2.6.0-SNAPSHOT
[14:41:30] [Server thread/INFO]: [Geyser-Spigot] Loading extensions...
[14:41:30] [Server thread/INFO]: [Geyser-Spigot] Loaded 0 extension(s)
[14:41:30] [Server thread/INFO]: [EssentialsChat] Loading server plugin EssentialsChat v2.21.0-dev+144-d31ff55
[14:41:30] [Server thread/INFO]: [Chunky] Loading server plugin Chunky v1.4.28
[14:41:30] [Server thread/INFO]: [ChatItem] Loading server plugin ChatItem v2.6.2
[14:41:30] [Server thread/INFO]: [AngelChest] Loading server plugin AngelChest v11.1.3
[14:41:30] [Server thread/INFO]: Server permissions file permissions.yml is empty, ignoring it
[14:41:30] [Server thread/INFO]: [LuckPerms] Enabling LuckPerms v5.4.131
[14:41:30] [Server thread/INFO]:         __    
[14:41:30] [Server thread/INFO]:   |    |__)   LuckPerms v5.4.131
[14:41:30] [Server thread/INFO]:   |___ |      Running on Bukkit - Paper
[14:41:30] [Server thread/INFO]: 
[14:41:30] [Server thread/INFO]: [LuckPerms] Loading configuration...
[14:41:30] [Server thread/INFO]: [LuckPerms] Loading storage provider... [H2]
[14:41:30] [Server thread/INFO]: [LuckPerms] Loading internal permission managers...
[14:41:30] [Server thread/INFO]: [LuckPerms] Performing initial data load...
[14:41:31] [Server thread/INFO]: [LuckPerms] Successfully enabled. (took 781ms)
[14:41:31] [Server thread/INFO]: [WorldEdit] Enabling WorldEdit v7.3.3+6788-6359df8
[14:41:31] [Server thread/INFO]: Registering commands with com.sk89q.worldedit.bukkit.BukkitServerInterface
[14:41:31] [Server thread/INFO]: WEPIF: Using the Bukkit Permissions API.
[14:41:31] [Server thread/INFO]: Using com.sk89q.worldedit.bukkit.adapter.impl.v1_20_R4.PaperweightAdapter as the Bukkit adapter
[14:41:32] [Server thread/INFO]: Preparing level "world"
[14:41:33] [Server thread/INFO]: Preparing start region for dimension minecraft:overworld
[14:41:33] [Server thread/INFO]: Time elapsed: 488 ms
[14:41:33] [Server thread/INFO]: Preparing start region for dimension minecraft:the_nether
[14:41:33] [Server thread/INFO]: Time elapsed: 208 ms
[14:41:33] [Server thread/INFO]: Preparing start region for dimension minecraft:the_end
[14:41:33] [Server thread/INFO]: Time elapsed: 42 ms
[14:41:33] [Server thread/INFO]: [ViaVersion] Enabling ViaVersion v5.2.0
[14:41:33] [Server thread/INFO]: [ViaVersion] ViaVersion detected server version: 1.20.5-1.20.6 (766)
[14:41:34] [Server thread/INFO]: [floodgate] Enabling floodgate v2.2.3-SNAPSHOT (b114-83fbd6e)
[14:41:34] [Server thread/INFO]: [Essentials] Enabling Essentials v2.21.0-dev+144-d31ff55
[14:41:34] [Server thread/INFO]: [Essentials] Attempting to convert old kits in config.yml to new kits.yml
[14:41:34] [Server thread/INFO]: [Essentials] No kits found to migrate.
[14:41:34] [Server thread/INFO]: [Essentials] Loaded 38132 items from items.json.
[14:41:34] [Server thread/INFO]: [Essentials] Using locale en_US
[14:41:34] [Server thread/INFO]: [Essentials] ServerListPingEvent: Spigot iterator API
[14:41:35] [Server thread/INFO]: [Essentials] Starting Metrics. Opt-out using the global bStats config.
[14:41:35] [Server thread/WARN]: [Essentials] Detected supported permissions plugin LuckPerms without Vault installed.
[14:41:35] [Server thread/WARN]: [Essentials] Features such as chat prefixes/suffixes and group-related functionality will not work until you install Vault.
[14:41:35] [Server thread/INFO]: [Essentials] Using superperms-based permissions.
[14:41:35] [Server thread/INFO]: [VeinMiner] Enabling VeinMiner v2.2.4
[14:41:35] [Server thread/INFO]: [VeinMiner] Loading configuration options to local memory
[14:41:35] [Server thread/INFO]: [VeinMiner] Added 13 aliases.
[14:41:35] [Server thread/INFO]: [VeinMiner] Registered category with id "Axe" holding 6 unique items and 26 unique blocks.
[14:41:35] [Server thread/INFO]: [VeinMiner] Registered category with id "Hoe" holding 6 unique items and 10 unique blocks.
[14:41:35] [Server thread/INFO]: [VeinMiner] Registered category with id "Pickaxe" holding 7 unique items and 25 unique blocks.
[14:41:35] [Server thread/INFO]: [VeinMiner] Registered category with id "Shears" holding 1 unique items and 27 unique blocks.
[14:41:35] [Server thread/INFO]: [VeinMiner] Registered category with id "Shovel" holding 6 unique items and 9 unique blocks.
[14:41:35] [Server thread/WARN]: [VeinMiner] No block list configured for category with id "Hand"! Is this intentional?
[14:41:35] [Server thread/INFO]: [VeinMiner] Registered category with id "Hand" holding 0 unique items and 0 unique blocks.
[14:41:35] [Server thread/INFO]: [VeinMiner] Performing an update check!
[14:41:35] [Server thread/INFO]: [VeinMiner] Registering commands
[14:41:35] [Server thread/INFO]: [VeinMiner] Registering events
[14:41:35] [Server thread/INFO]: [VeinMiner] Vault not found. Economy support suspended
[14:41:35] [Server thread/INFO]: [VeinMiner] Enabling Plugin Metrics
[14:41:35] [Server thread/INFO]: [VeinMiner] Thanks for enabling Metrics! The anonymous stats are appreciated
[14:41:35] [Server thread/INFO]: [OfflineGrowthPro] Enabling OfflineGrowthPro v2.0.3
[14:41:35] [ForkJoinPool.commonPool-worker-1/INFO]: [VeinMiner] Using SQLITE for persistent storage.
[14:41:35] [ForkJoinPool.commonPool-worker-1/INFO]: [VeinMiner] You are on the latest version of VeinMiner.
[14:41:35] [Server thread/INFO]: [NoEndermanGrief] Enabling NoEndermanGrief v1.14_1.0.9
[14:41:35] [Server thread/INFO]: [NoEndermanGrief] **************************************
[14:41:35] [Server thread/INFO]: [NoEndermanGrief]  v1.14_1.0.9 Loading...
[14:41:35] [Server thread/INFO]: [NoEndermanGrief] Server Version: 1.20.6-151-a4f0f5c (MC: 1.20.6)
[14:41:35] [Server thread/INFO]: [NoEndermanGrief] This is not a DEV version.
[14:41:35] [Server thread/INFO]: [NoEndermanGrief] Checking lang files...
[14:41:35] [Server thread/INFO]: [NoEndermanGrief] Checking config file...
[14:41:35] [Server thread/INFO]: [NoEndermanGrief] plugins\NoEndermanGrief\config.yml
[14:41:35] [Server thread/INFO]: [NoEndermanGrief] Checking config file version...
[14:41:35] [Server thread/INFO]: [NoEndermanGrief] Config file version=1.0.6 expected=1.0.6
[14:41:35] [Server thread/INFO]: [NoEndermanGrief] Checking for updates...
[14:41:36] [Server thread/INFO]: [NoEndermanGrief] *!*!*!*!*!*!*!*!*!*!*!*!*!*!*!*!*!*!*!*!*!*!*!*!*!*!*!*
[14:41:36] [Server thread/INFO]: [NoEndermanGrief] * Version is up to date!
[14:41:36] [Server thread/INFO]: [NoEndermanGrief] * Donate: https://ko-fi.com/joelgodofwar
[14:41:36] [Server thread/INFO]: [NoEndermanGrief] *!*!*!*!*!*!*!*!*!*!*!*!*!*!*!*!*!*!*!*!*!*!*!*!*!*!*!*
[14:41:36] [Server thread/INFO]: [NoEndermanGrief]  v1.14_1.0.9 is ENABLED - Loading took 969 ms.
[14:41:36] [Server thread/INFO]: [GSit] Enabling GSit v1.9.1
[14:41:36] [Server thread/INFO]: [GSit] The plugin was successfully enabled.
[14:41:36] [Server thread/INFO]: [GSit] Link with ViaVersion successful!
[14:41:36] [Server thread/INFO]: [Geyser-Spigot] Enabling Geyser-Spigot v2.6.0-SNAPSHOT
[14:41:36] [Server thread/INFO]: [EssentialsChat] Enabling EssentialsChat v2.21.0-dev+144-d31ff55
[14:41:36] [Server thread/INFO]: [EssentialsChat] Starting Metrics. Opt-out using the global bStats config.
[14:41:36] [Server thread/INFO]: [Chunky] Enabling Chunky v1.4.28
[14:41:36] [Server thread/INFO]: [ChatItem] Enabling ChatItem v2.6.2
[14:41:36] [Server thread/INFO]: [ChatItem] Detected server version: v1_20_6 (Platform: PaperMC)
[14:41:36] [Server thread/INFO]: [ChatItem] Loading own packet system.
[14:41:36] [Server thread/INFO]: [ChatItem] Use ComponentBuilder's method.
[14:41:36] [Server thread/INFO]: [ChatItem] Manager automatically chosen: PacketEditing (packet), ChatListener (chat), Paper (paper), Own Formatter (ownformatter)
[14:41:36] [Server thread/INFO]: [ChatItem] Load Essentials support.
[14:41:37] [Server thread/INFO]: [ChatItem] Loaded translation for en_gb.
[14:41:37] [Server thread/INFO]: [AngelChest] Enabling AngelChest v11.1.3
[14:41:37] [Server thread/INFO]: [AngelChest] groups.yml does not exist, skipping custom group settings.
[14:41:37] [Server thread/INFO]: [AngelChest] blacklist.yml does not exist, disabling item blacklist.
[14:41:37] [Server thread/INFO]: [AngelChest] Not using premium version, disabling Graveyards feature
[14:41:37] [Server thread/INFO]: [AngelChest] Vault not installed, disabling economy functions.
[14:41:37] [Server thread/INFO]: [AngelChest] [ACF] Enabled Asynchronous Tab Completion Support!
[14:41:37] [Server thread/INFO]: [AngelChest] Successfully enabled AngelChest v11.1.3 (Premium: false)
[14:41:37] [Server thread/INFO]: [Geyser-Spigot] ******************************************
[14:41:37] [Server thread/INFO]: [Geyser-Spigot] 
[14:41:37] [Server thread/INFO]: [Geyser-Spigot] Loading Geyser version 2.6.0-b734 (git-master-64c7adc)
[14:41:37] [Server thread/INFO]: [Geyser-Spigot] 
[14:41:37] [Server thread/INFO]: [Geyser-Spigot] ******************************************
[14:41:39] [pool-15-thread-1/WARN]: [floodgate] 
**********************************
* The prefix you entered in your Floodgate config (_) could lead to username conflicts!
* Should a Java player join with the username _Notch, and a Bedrock player join as Notch (who will be given the name _Notch), unwanted results will happen!
* We strongly recommend using . as the prefix, but other alternatives that will not conflict include: +, - and *
**********************************
[14:41:40] [Server thread/INFO]: [Geyser-Spigot] Started Geyser on UDP port 25565
[14:41:40] [Server thread/INFO]: [Geyser-Spigot] Done (2.719s)! Run /geyser help for help!
[14:41:40] [Server thread/INFO]: Starting GS4 status listener
[14:41:40] [Server thread/WARN]: Unable to initialise query system on 0.0.0.0:25565
java.net.BindException: Address already in use: bind
	at java.base/sun.nio.ch.Net.bind0(Native Method) ~[?:?]
	at java.base/sun.nio.ch.Net.bind(Net.java:565) ~[?:?]
	at java.base/sun.nio.ch.DatagramChannelImpl.bindInternal(DatagramChannelImpl.java:1347) ~[?:?]
	at java.base/sun.nio.ch.DatagramChannelImpl.bind(DatagramChannelImpl.java:1317) ~[?:?]
	at java.base/sun.nio.ch.DatagramSocketAdaptor.bind(DatagramSocketAdaptor.java:108) ~[?:?]
	at java.base/java.net.DatagramSocket.createDelegate(DatagramSocket.java:1433) ~[?:?]
	at java.base/java.net.DatagramSocket.<init>(DatagramSocket.java:328) ~[?:?]
	at java.base/java.net.DatagramSocket.<init>(DatagramSocket.java:387) ~[?:?]
	at net.minecraft.server.rcon.thread.QueryThreadGs4.initSocket(QueryThreadGs4.java:320) ~[paper-1.20.6.jar:1.20.6-151-a4f0f5c]
	at net.minecraft.server.rcon.thread.QueryThreadGs4.start(QueryThreadGs4.java:305) ~[paper-1.20.6.jar:1.20.6-151-a4f0f5c]
	at net.minecraft.server.rcon.thread.QueryThreadGs4.create(QueryThreadGs4.java:79) ~[paper-1.20.6.jar:1.20.6-151-a4f0f5c]
	at net.minecraft.server.dedicated.DedicatedServer.initServer(DedicatedServer.java:334) ~[paper-1.20.6.jar:1.20.6-151-a4f0f5c]
	at net.minecraft.server.MinecraftServer.runServer(MinecraftServer.java:1136) ~[paper-1.20.6.jar:1.20.6-151-a4f0f5c]
	at net.minecraft.server.MinecraftServer.lambda$spin$0(MinecraftServer.java:323) ~[paper-1.20.6.jar:1.20.6-151-a4f0f5c]
	at java.base/java.lang.Thread.run(Thread.java:1575) ~[?:?]
[14:41:40] [Server thread/INFO]: Running delayed init tasks
[14:41:40] [Craft Scheduler Thread - 2 - ViaVersion/INFO]: [ViaVersion] Finished mapping loading, shutting down loader executor.
[14:41:40] [Server thread/INFO]: [OfflineGrowthPro] Loaded 3 chunks into memory on first startup
[14:41:40] [Server thread/INFO]: Done (15.433s)! For help, type "help"
[14:41:40] [Craft Scheduler Thread - 0 - Essentials/INFO]: [Essentials] Fetching version information...
[14:41:40] [Server thread/INFO]: Timings Reset
[14:41:40] [Craft Scheduler Thread - 0 - Essentials/WARN]: [Essentials] You're 7 EssentialsX dev build(s) out of date!
[14:41:40] [Craft Scheduler Thread - 0 - Essentials/WARN]: [Essentials] Download it here: https://essentialsx.net/downloads.html
[14:41:42] [Server thread/WARN]: [AngelChest] ***************************************************
[14:41:42] [Server thread/WARN]: [AngelChest] * There is a new version of AngelChest available!
[14:41:42] [Server thread/WARN]: [AngelChest] *  
[14:41:42] [Server thread/WARN]: [AngelChest] * Your version:   §c11.1.3
[14:41:42] [Server thread/WARN]: [AngelChest] * Latest version: §a13.9.0
[14:41:42] [Server thread/WARN]: [AngelChest] *  
[14:41:42] [Server thread/WARN]: [AngelChest] * Please update to the newest version.
[14:41:42] [Server thread/WARN]: [AngelChest] *  
[14:41:42] [Server thread/WARN]: [AngelChest] * Download (Plus):
[14:41:42] [Server thread/WARN]: [AngelChest] *   https://www.spigotmc.org/resources/88214
[14:41:42] [Server thread/WARN]: [AngelChest] *  
[14:41:42] [Server thread/WARN]: [AngelChest] * Download (Free):
[14:41:42] [Server thread/WARN]: [AngelChest] *   https://www.spigotmc.org/resources/60383
[14:41:42] [Server thread/WARN]: [AngelChest] ***************************************************
[14:41:43] [Server thread/INFO]: [AngelChest] ========================================================
[14:41:43] [Server thread/INFO]: [AngelChest] You are using the free version of AngelChest. There is
[14:41:43] [Server thread/INFO]: [AngelChest] also a premium version available, called AngelChestPlus.
[14:41:43] [Server thread/INFO]: [AngelChest] It includes TONS of new features and exclusive Discord
[14:41:43] [Server thread/INFO]: [AngelChest] support. The free version will still receive bugfixes,
[14:41:43] [Server thread/INFO]: [AngelChest] but there won't be ANY new features!
[14:41:43] [Server thread/INFO]: [AngelChest] If you like AngelChest, you will LOVE AngelChestPlus, so
[14:41:43] [Server thread/INFO]: [AngelChest] please consider upgrading! Thank you for using AngelChest.
[14:41:43] [Server thread/INFO]: [AngelChest] 
[14:41:43] [Server thread/INFO]: [AngelChest] https://www.spigotmc.org/resources/88214
[14:41:43] [Server thread/INFO]: [AngelChest] ========================================================
[15:39:12] [User Authenticator #0/INFO]: UUID of player Azift is 8283ee29-162f-45f6-9509-6399934e9637
[15:39:13] [Server thread/INFO]: Azift joined the game
[15:39:13] [Server thread/INFO]: Azift[/172.101.136.84:44137] logged in with entity id 161 at ([world]1104.0786869381964, -37.0, -2225.4857899179133)
[15:41:40] [Server thread/INFO]: [AngelChest] Removed 1 old log files.
[16:21:20] [Server thread/INFO]: Azift has made the advancement [Hidden in the Depths]
[16:27:37] [User Authenticator #1/INFO]: UUID of player Hymic is 694565c1-1aca-4a47-8679-6acbc4f975eb
[16:27:38] [Server thread/INFO]: Hymic joined the game
[16:27:38] [Server thread/INFO]: Hymic[/127.0.0.1:57766] logged in with entity id 17716 at ([world]-2627.777460463578, 64.5625, 4287.973038539257)
[16:27:50] [Server thread/INFO]: Hymic issued server command: /fly
[16:28:24] [Async Chat Thread - #2/INFO]: Azift: a
[16:28:38] [Async Chat Thread - #2/INFO]: Azift: I do not own emeralds
[16:28:45] [Async Chat Thread - #2/INFO]: Hymic: 18 diamonds
[16:28:48] [Async Chat Thread - #2/INFO]: Hymic: i will get you mending
[16:28:57] [Async Chat Thread - #2/INFO]: Azift: deal
[16:29:45] [Async Chat Thread - #2/INFO]: Azift: Diamond x18
[16:29:56] [Async Chat Thread - #2/INFO]: Hymic: Enchanted Book x1
[16:30:06] [Async Chat Thread - #2/INFO]: Azift: where meet
[16:30:11] [Async Chat Thread - #2/INFO]: Hymic: also do you need sharpness v, efficiency v or anything else
[16:30:16] [Async Chat Thread - #2/INFO]: Azift: nah
[16:30:20] [Async Chat Thread - #2/INFO]: Azift: well
[16:30:21] [Async Chat Thread - #2/INFO]: Azift: sharp 5 maybe
[16:30:28] [Async Chat Thread - #2/INFO]: Azift: how muc
[16:30:29] [Async Chat Thread - #2/INFO]: Azift: h
[16:30:53] [Server thread/WARN]: Hymic moved wrongly!
[16:31:03] [Async Chat Thread - #2/INFO]: Hymic: how much wood do you have
[16:31:05] [Async Chat Thread - #2/INFO]: Hymic: wood logs
[16:31:07] [Async Chat Thread - #2/INFO]: Azift: no logs
[16:31:12] [Async Chat Thread - #2/INFO]: Azift: only planks
[16:31:24] [Async Chat Thread - #2/INFO]: Hymic: is it a lot
[16:31:33] [Async Chat Thread - #2/INFO]: Azift: like 4 stacks
[16:31:35] [Async Chat Thread - #2/INFO]: Hymic: because i need a lot of wood for future projects
[16:32:08] [Async Chat Thread - #2/INFO]: Azift: so what do you want
[16:32:17] [Async Chat Thread - #2/INFO]: Hymic: 10 stacks of wood logs for sharpness 5, for now, we can meet up at end for mending
[16:32:24] [Async Chat Thread - #2/INFO]: Azift: yeah no im good on that then
[16:32:28] [Async Chat Thread - #2/INFO]: Azift: I'll get my own sharp 5
[16:32:51] [Async Chat Thread - #2/INFO]: Azift: im in the end btw
[16:32:53] [Async Chat Thread - #2/INFO]: Hymic: omw to end
[16:33:52] [Async Chat Thread - #2/INFO]: Azift: SCAMMED
[16:35:21] [Async Chat Thread - #3/INFO]: Azift: oh
[16:35:25] [Async Chat Thread - #3/INFO]: Azift: I forgot they ruined netherite upgrades
[16:35:52] [Async Chat Thread - #3/INFO]: Hymic: yeah lol
[16:36:01] [Async Chat Thread - #3/INFO]: Azift: I dont have the template
[16:36:04] [Async Chat Thread - #3/INFO]: Hymic: i do
[16:36:11] [Async Chat Thread - #3/INFO]: Hymic: and you can duplicate them with diamonds
[16:36:49] [Async Chat Thread - #3/INFO]: Hymic: can find in bastions otherwise
[16:37:06] [Async Chat Thread - #3/INFO]: Azift: its like 5 diamonds right?
[16:37:20] [Async Chat Thread - #3/INFO]: Azift: can I duplicate one
[16:37:23] [Async Chat Thread - #3/INFO]: Hymic: 7 to duplicate
[16:37:30] [Async Chat Thread - #3/INFO]: Azift: ok that works
[16:37:31] [Async Chat Thread - #3/INFO]: Hymic: and 1 netheerrack
[16:37:51] [Async Chat Thread - #3/INFO]: Hymic: also do you know how to add/drop for uofr classes
[16:38:00] [Async Chat Thread - #3/INFO]: Hymic: catherine says there isnt a place for her to do that
[16:38:00] [Async Chat Thread - #3/INFO]: Azift: like not with workday?
[16:38:06] [Async Chat Thread - #3/INFO]: Azift: or I mean
[16:38:10] [Async Chat Thread - #3/INFO]: Azift: wait yeah workday
[16:38:35] [Async Chat Thread - #3/INFO]: Azift: me duplicate template
[16:38:36] [Async Chat Thread - #3/INFO]: Azift: me do it
[16:38:43] [Async Chat Thread - #3/INFO]: Hymic: she says she saw the button before but the button isnt there now
[16:38:46] [Async Chat Thread - #3/INFO]: Hymic: okay go to end
[16:38:59] [Async Chat Thread - #3/INFO]: Azift: I mean I think she can just search for courses and enroll
[16:39:14] [Async Chat Thread - #3/INFO]: Hymic: because she wants to swap her russian film class for calc
[16:39:36] [Async Chat Thread - #3/INFO]: Azift: she can probably do that
[16:39:58] [Async Chat Thread - #3/INFO]: Hymic: nvm she found the swap button
[16:40:01] [Async Chat Thread - #3/INFO]: Hymic: she forgot to scroll
[16:40:35] [Async Chat Thread - #3/INFO]: Hymic: that thing took at least 2 months to find
[16:40:44] [Async Chat Thread - #3/INFO]: Hymic: it is impossible to spawn for me
[16:40:55] [Async Chat Thread - #3/INFO]: Azift: Netherite Pickaxe x1
[16:41:00] [Async Chat Thread - #3/INFO]: Hymic: yooo nice
[16:41:09] [Async Chat Thread - #3/INFO]: Hymic: ball whacker x1
[16:41:19] [Async Chat Thread - #3/INFO]: Azift: eff 4 HAHAHAHA
[16:41:22] [Async Chat Thread - #3/INFO]: Azift: L
[16:41:22] [Async Chat Thread - #3/INFO]: Hymic: appears you have a better pickaxe
[16:41:25] [Async Chat Thread - #3/INFO]: Hymic: SHUSH
[16:41:36] [Async Chat Thread - #3/INFO]: Hymic: I JUST NEED MORE XP TO LEVEL UP TO EFF 5
[16:44:17] [Async Chat Thread - #5/INFO]: Hymic: brb
[16:44:17] [Server thread/INFO]: Hymic lost connection: Disconnected
[16:44:17] [Server thread/INFO]: Hymic left the game
[16:45:00] [Server thread/INFO]: Azift lost connection: Disconnected
[16:45:00] [Server thread/INFO]: Azift left the game
[16:45:28] [User Authenticator #2/INFO]: UUID of player Hymic is 694565c1-1aca-4a47-8679-6acbc4f975eb
[16:45:29] [Server thread/INFO]: Hymic joined the game
[16:45:29] [Server thread/INFO]: Hymic[/127.0.0.1:58391] logged in with entity id 25840 at ([world]-2566.9725501777048, -3.0, 4303.235659580361)
[16:49:16] [Server thread/INFO]: Hymic lost connection: Disconnected
[16:49:16] [Server thread/INFO]: Hymic left the game
[16:49:20] [Server thread/INFO]: Stopping the server
[16:49:20] [Server thread/INFO]: Stopping server
[16:49:20] [Server thread/INFO]: [AngelChest] Disabling AngelChest v11.1.3
[16:49:20] [Server thread/INFO]: [ChatItem] Disabling ChatItem v2.6.2
[16:49:20] [Server thread/INFO]: [Chunky] Disabling Chunky v1.4.28
[16:49:20] [Server thread/INFO]: [EssentialsChat] Disabling EssentialsChat v2.21.0-dev+144-d31ff55
[16:49:20] [Server thread/INFO]: [Geyser-Spigot] Disabling Geyser-Spigot v2.6.0-SNAPSHOT
[16:49:20] [Server thread/INFO]: [Geyser-Spigot] Shutting down Geyser.
[16:49:20] [Server thread/INFO]: [Geyser-Spigot] Geyser shutdown successfully.
[16:49:20] [Server thread/INFO]: [GSit] Disabling GSit v1.9.1
[16:49:20] [Server thread/INFO]: [GSit] The plugin was successfully disabled.
[16:49:20] [Server thread/INFO]: [NoEndermanGrief] Disabling NoEndermanGrief v1.14_1.0.9
[16:49:20] [Server thread/INFO]: [NoEndermanGrief]  v1.14_1.0.9 is DISABLED
[16:49:20] [Server thread/INFO]: [OfflineGrowthPro] Disabling OfflineGrowthPro v2.0.3
[16:49:20] [Server thread/INFO]: [VeinMiner] Disabling VeinMiner v2.2.4
[16:49:20] [Server thread/INFO]: [VeinMiner] Clearing localized data
[16:49:20] [Server thread/INFO]: [WorldEdit] Disabling WorldEdit v7.3.3+6788-6359df8
[16:49:20] [Server thread/INFO]: Unregistering com.sk89q.worldedit.bukkit.BukkitServerInterface from WorldEdit
[16:49:20] [Server thread/INFO]: [Essentials] Disabling Essentials v2.21.0-dev+144-d31ff55
[16:49:20] [Server thread/INFO]: [floodgate] Disabling floodgate v2.2.3-SNAPSHOT (b114-83fbd6e)
[16:49:20] [Server thread/INFO]: [LuckPerms] Disabling LuckPerms v5.4.131
[16:49:20] [Server thread/INFO]: [LuckPerms] Starting shutdown process...
[16:49:20] [Server thread/INFO]: [LuckPerms] Closing storage...
[16:49:20] [Server thread/INFO]: [LuckPerms] Goodbye!
[16:49:20] [Server thread/INFO]: [ViaVersion] Disabling ViaVersion v5.2.0
[16:49:20] [Server thread/INFO]: [ViaVersion] ViaVersion has been disabled; uninjected the platform and shut down the scheduler.
[16:49:20] [Server thread/INFO]: Saving players
[16:49:20] [WebSocketConnectReadThread-162/INFO]: [Geyser-Spigot] The skin uploader has been closed
[16:49:20] [Server thread/INFO]: Saving worlds
[16:49:20] [Server thread/INFO]: Saving chunks for level 'ServerLevel[world]'/minecraft:overworld
[16:49:20] [Server thread/INFO]: [ChunkHolderManager] Waiting 60s for chunk system to halt for world 'world'
[16:49:20] [Server thread/INFO]: [ChunkHolderManager] Halted chunk system for world 'world'
[16:49:20] [Server thread/INFO]: [ChunkHolderManager] Saving all chunkholders for world 'world'
[16:49:20] [Server thread/INFO]: [ChunkHolderManager] Saved 0 block chunks, 31 entity chunks, 0 poi chunks in world 'world' in 0.00s
[16:49:20] [Server thread/INFO]: ThreadedAnvilChunkStorage (world): All chunks are saved
[16:49:20] [Server thread/INFO]: Saving chunks for level 'ServerLevel[world_nether]'/minecraft:the_nether
[16:49:20] [Server thread/INFO]: [ChunkHolderManager] Waiting 60s for chunk system to halt for world 'world_nether'
[16:49:20] [Server thread/INFO]: [ChunkHolderManager] Halted chunk system for world 'world_nether'
[16:49:20] [Server thread/INFO]: [ChunkHolderManager] Saving all chunkholders for world 'world_nether'
[16:49:20] [Server thread/INFO]: [ChunkHolderManager] Saved 81 block chunks, 110 entity chunks, 0 poi chunks in world 'world_nether' in 0.04s
[16:49:20] [Server thread/INFO]: ThreadedAnvilChunkStorage (DIM-1): All chunks are saved
[16:49:20] [Server thread/INFO]: Saving chunks for level 'ServerLevel[world_the_end]'/minecraft:the_end
[16:49:20] [Server thread/INFO]: [ChunkHolderManager] Waiting 60s for chunk system to halt for world 'world_the_end'
[16:49:20] [Server thread/INFO]: [ChunkHolderManager] Halted chunk system for world 'world_the_end'
[16:49:20] [Server thread/INFO]: [ChunkHolderManager] Saving all chunkholders for world 'world_the_end'
[16:49:20] [Server thread/INFO]: [ChunkHolderManager] Saved 0 block chunks, 51 entity chunks, 0 poi chunks in world 'world_the_end' in 0.01s
[16:49:20] [Server thread/INFO]: ThreadedAnvilChunkStorage (DIM1): All chunks are saved
[16:49:20] [Server thread/INFO]: ThreadedAnvilChunkStorage: All dimensions are saved
[16:49:20] [Server thread/INFO]: Flushing Chunk IO
[16:49:20] [Server thread/INFO]: Closing Thread Pool
[16:49:20] [Server thread/INFO]: Closing Server
